Arguments: 
  /Users/guofen/.nvm/versions/node/v12.4.0/bin/node /Users/guofen/.nvm/versions/node/v12.4.0/bin/yarn

PATH: 
  /Users/guofen/.nvm/versions/node/v12.4.0/bin:/usr/local/bin:/usr/bin:/bin:/usr/sbin:/sbin:/usr/local/bin/:/Users/guofen/.rvm/bin:/usr/local/mongodb/bin:/usr/local/bin/:/usr/local/mongodb/bin

Yarn version: 
  1.16.0

Node version: 
  12.4.0

Platform: 
  darwin x64

Trace: 
  SyntaxError: /Users/guofen/Documents/Private/test-npm/package.json: Unexpected token } in JSON at position 236
      at JSON.parse (<anonymous>)
      at /Users/guofen/.nvm/versions/node/v12.4.0/lib/node_modules/yarn/lib/cli.js:1625:59
      at Generator.next (<anonymous>)
      at step (/Users/guofen/.nvm/versions/node/v12.4.0/lib/node_modules/yarn/lib/cli.js:304:30)
      at /Users/guofen/.nvm/versions/node/v12.4.0/lib/node_modules/yarn/lib/cli.js:315:13

npm manifest: 
  {
    "name": "react-pubblish-npm",
    "version": "0.0.3",
    "description": "把react组件发布到npm",
    "main": "index.js",
    "scripts": {
      "build:commonjs": "rimraf lib && cross-env BABEL_ENV=commonjs babel components -d lib --source-maps",
    },
    "repository": {
      "type": "git",
      "url": "git+https://github.com/guofen/test-npm.git"
    },
    "keywords": [
      "[react",
      "npm]"
    ],
    "author": "guofen",
    "license": "MIT",
    "bugs": {
      "url": "https://github.com/guofen/test-npm/issues"
    },
    "homepage": "https://github.com/guofen/test-npm#readme",
    "dependencies": {
      "babel-cli": "^6.26.0",
      "babel-core": "6.26.3",
      "babel-eslint": "^10.0.1",
      "babel-loader": "7.1.5",
      "babel-plugin-import": "1.8.0",
      "axios": "^0.19.1",
      "babel-plugin-transform-decorators-legacy": "^1.3.5",
      "babel-plugin-transform-object-rest-spread": "^6.26.0",
      "babel-plugin-transform-regenerator": "^6.26.0",
      "babel-plugin-transform-runtime": "^6.23.0",
      "babel-preset-es2015": "^6.24.1",
      "babel-preset-react": "^6.24.1",
      "babel-preset-stage-0": "^6.24.1",
      "clean-webpack-plugin": "^3.0.0",
      "css-loader": "^3.4.1",
      "fs": "0.0.1-security",
      "html-webpack-plugin": "^3.2.0",
      "less": "^3.10.3",
      "less-loader": "^5.0.0",
      "mini-css-extract-plugin": "^0.9.0",
      "optimize-css-assets-webpack-plugin": "^5.0.3",
      "path": "^0.12.7",
      "react": "^16.12.0",
      "style-loader": "^1.1.2",
      "uglifyjs-webpack-plugin": "^2.2.0",
      "webpack": "^4.41.5",
      "webpack-cli": "^3.3.10",
      "webpack-md5-hash": "0.0.6",
      "webpack-node-externals": "^1.7.2",
      "yarn": "^1.21.1"
    }
  }

yarn manifest: 
  No manifest

Lockfile: 
  No lockfile
